<?xml version="1.0" encoding="UTF-8"?>
<testng-results skipped="0" failed="0" ignored="0" total="0" passed="0">
  <reporter-output>
  </reporter-output>
  <suite name="Surefire suite" duration-ms="8" started-at="2020-05-20T13:37:33 GMT-04:00" finished-at="2020-05-20T13:37:33 GMT-04:00">
    <groups>
    </groups>
    <test name="Surefire test" duration-ms="8" started-at="2020-05-20T13:37:33 GMT-04:00" finished-at="2020-05-20T13:37:33 GMT-04:00">
    </test> <!-- Surefire test -->
  </suite> <!-- Surefire suite -->
</testng-results>
