<?xml version="1.0" encoding="UTF-8"?>
<testng-results skipped="0" failed="0" ignored="0" total="1" passed="1">
  <reporter-output>
  </reporter-output>
  <suite name="Default suite" duration-ms="18533" started-at="2020-05-18T09:36:14 GMT-04:00" finished-at="2020-05-18T09:36:33 GMT-04:00">
    <groups>
    </groups>
    <test name="Default test" duration-ms="18533" started-at="2020-05-18T09:36:14 GMT-04:00" finished-at="2020-05-18T09:36:33 GMT-04:00">
      <class name="paryajpam.TestParyajPam">
        <test-method status="PASS" signature="beforeTest()[pri:0, instance:paryajpam.TestParyajPam@76707e36]" name="beforeTest" is-config="true" duration-ms="8145" started-at="2020-05-18T09:36:14 GMT-04:00" finished-at="2020-05-18T09:36:23 GMT-04:00">
          <reporter-output>
          </reporter-output>
        </test-method> <!-- beforeTest -->
        <test-method status="PASS" signature="testEasy()[pri:0, instance:paryajpam.TestParyajPam@76707e36]" name="testEasy" duration-ms="10365" started-at="2020-05-18T09:36:23 GMT-04:00" finished-at="2020-05-18T09:36:33 GMT-04:00">
          <reporter-output>
          </reporter-output>
        </test-method> <!-- testEasy -->
        <test-method status="PASS" signature="afterTest()[pri:0, instance:paryajpam.TestParyajPam@76707e36]" name="afterTest" is-config="true" duration-ms="0" started-at="2020-05-18T09:36:33 GMT-04:00" finished-at="2020-05-18T09:36:33 GMT-04:00">
          <reporter-output>
          </reporter-output>
        </test-method> <!-- afterTest -->
      </class> <!-- paryajpam.TestParyajPam -->
    </test> <!-- Default test -->
  </suite> <!-- Default suite -->
</testng-results>
